{"level":"error","message":"Failed to fetch dashboard for user 5: aggregate fonksiyonu kullanmak için \"Project.id\" sütununu GROUP BY listesine eklemelisiniz","timestamp":"2025-05-19T11:19:10.392Z"}
{"level":"error","message":"Failed to fetch dashboard for user 5: aggregate fonksiyonu kullanmak için \"Project.id\" sütununu GROUP BY listesine eklemelisiniz","timestamp":"2025-05-19T11:20:41.318Z"}
{"level":"error","message":"Failed to fetch dashboard for user 5: aggregate fonksiyonu kullanmak için \"Project.id\" sütununu GROUP BY listesine eklemelisiniz","timestamp":"2025-05-19T11:48:38.961Z"}
{"level":"error","message":"Failed to fetch dashboard for user 5: aggregate fonksiyonu kullanmak için \"Project.id\" sütununu GROUP BY listesine eklemelisiniz","timestamp":"2025-05-19T16:39:28.117Z"}
{"level":"error","message":"Failed to fetch dashboard for user 3: aggregate fonksiyonu kullanmak için \"Project.id\" sütununu GROUP BY listesine eklemelisiniz","timestamp":"2025-05-19T18:06:45.234Z"}
{"level":"error","message":"Login failed: Invalid credentials","timestamp":"2025-05-19T22:56:17.511Z"}
{"level":"error","message":"Login failed: Invalid credentials","timestamp":"2025-05-19T22:56:48.730Z"}
{"level":"error","message":"Login failed: Invalid credentials","timestamp":"2025-05-19T23:00:20.839Z"}
{"level":"error","message":"Failed to fetch tasks: Task.projectId sütunu mevcut değil","timestamp":"2025-05-19T23:41:33.563Z"}
{"level":"error","message":"Failed to fetch tasks: Task.projectId sütunu mevcut değil","timestamp":"2025-05-19T23:41:44.262Z"}
{"level":"error","message":"Failed to fetch tasks: Task.projectId sütunu mevcut değil","timestamp":"2025-05-20T00:23:25.652Z"}
{"level":"error","message":"Failed to fetch tasks: Task.projectId sütunu mevcut değil","timestamp":"2025-05-20T00:26:18.532Z"}
{"level":"error","message":"Failed to fetch tasks: Task.projectId sütunu mevcut değil","timestamp":"2025-05-20T16:39:38.065Z"}
{"level":"error","message":"Failed to fetch tasks: Task.projectId sütunu mevcut değil","timestamp":"2025-05-20T16:48:34.684Z"}
{"level":"error","message":"Login failed: Invalid credentials","timestamp":"2025-05-20T17:21:15.485Z"}
{"level":"error","message":"Failed to create task: Task.create is not a function","timestamp":"2025-05-20T17:21:45.577Z"}
{"level":"error","message":"Login failed: User.findOne is not a function","timestamp":"2025-05-20T17:35:03.193Z"}
{"level":"error","message":"Registration failed: User.create is not a function","timestamp":"2025-05-20T17:35:10.946Z"}
{"level":"error","message":"Registration failed: User.create is not a function","timestamp":"2025-05-20T17:41:31.061Z"}
{"level":"error","message":"Registration failed: User.create is not a function","timestamp":"2025-05-20T17:43:40.537Z"}
{"level":"error","message":"Registration failed: User.create is not a function","timestamp":"2025-05-20T17:45:00.495Z"}
{"level":"error","message":"Registration failed: User.create is not a function","timestamp":"2025-05-20T17:45:51.679Z"}
{"level":"error","message":"Registration failed: User.create is not a function","timestamp":"2025-05-20T17:50:39.749Z"}
{"level":"error","message":"Failed to create task: Task.create is not a function","timestamp":"2025-05-20T18:42:36.059Z"}
{"level":"error","message":"Failed to create task: Task.create is not a function","timestamp":"2025-05-20T18:42:37.950Z"}
{"level":"error","message":"Failed to fetch dashboard data: Project.count is not a function","timestamp":"2025-05-20T18:43:46.363Z"}
{"level":"error","message":"Failed to create task: Cannot read properties of undefined (reading 'create')","timestamp":"2025-05-20T18:57:54.484Z"}
{"level":"error","message":"Failed to create task: Cannot read properties of undefined (reading 'create')","timestamp":"2025-05-20T18:58:20.056Z"}
{"level":"error","message":"Failed to create task: Cannot read properties of undefined (reading 'create')","timestamp":"2025-05-20T19:02:23.645Z"}
{"level":"error","message":"Failed to get tasks: Cannot read properties of undefined (reading 'findAll')","timestamp":"2025-05-20T19:02:33.422Z"}
{"level":"error","message":"Failed to get tasks: Cannot read properties of undefined (reading 'findAll')","timestamp":"2025-05-20T19:02:43.235Z"}
{"level":"error","message":"Failed to get tasks: Cannot read properties of undefined (reading 'findAll')","timestamp":"2025-05-20T19:02:52.258Z"}
{"level":"error","message":"Registration failed: tekrar eden kayıt, \"Users_username_key\" tekil kısıtlamasını ihlal etmektedir","timestamp":"2025-05-20T19:04:01.330Z"}
{"level":"error","message":"Registration failed: tekrar eden kayıt, \"Users_email_key\" tekil kısıtlamasını ihlal etmektedir","timestamp":"2025-05-20T19:04:15.921Z"}
{"level":"error","message":"Failed to get tasks: Cannot read properties of undefined (reading 'findAll')","timestamp":"2025-05-20T19:05:15.575Z"}
{"level":"error","message":"Failed to create task: Cannot read properties of undefined (reading 'create')","timestamp":"2025-05-20T19:05:34.322Z"}
